# =========================================================================
# Welcome to Referee -- Reference genome quality score calculator.
# The date and time at the start is: 10.06.2018 | 12:44:08
# The program was called as: referee.py -gl .\data\angsd-output-snippet-2.txt -ref .\data\rpgc_assembly.fasta -o ref-test --stats --mapped -f 2
#
# ----------------------------------------
#
# ** IMPORTANT!
# ** Input columns: Scaffold	Position	AA	AC	AG	AT	CC	CG	CT	GG	GT	TT
# ** Please ensure that your input genotype likelihood files are tab delimited with columns in this exact order.
# ** Failure to do so will result in inaccurate calculations!!
#
# ----------------------------------------
#
# Output format is tab delimited.
# --mapped : Only calculating scores for positions with reads mapped to them.
# --stats : Reporting Referee time and memory usage.
# ------------------------------------------------------------------------------------------------------------------------
# Step               Time since prev (sec)      Elapsed time (sec)    Current mem usage (MB)    Virtual mem usage (MB)
# ------------------------------------------------------------------------------------------------------------------------
# Index ref fasta    0.0262841894596            0.0262841894596       17.2109375                10.01953125
