# =========================================================================
# Welcome to Referee -- Reference genome quality score calculator.
# The date and time at the start is: 10.06.2018 | 12:36:39
# The program was called as: referee.py -gl .\data\angsd-output-snippet.txt -ref .\data\assembly-snippet.fa -o ref-test --stats
#
# ----------------------------------------
#
# ** IMPORTANT!
# ** Input columns: Scaffold	Position	AA	AC	AG	AT	CC	CG	CT	GG	GT	TT
# ** Please ensure that your input genotype likelihood files are tab delimited with columns in this exact order.
# ** Failure to do so will result in inaccurate calculations!!
#
# ----------------------------------------
#
# Output format is tab delimited.
# Calculating scores for every reference position specified.
# --stats : Reporting Referee time and memory usage.
# ------------------------------------------------------------------------------------------------------------------------
# Step               Time since prev (sec)      Elapsed time (sec)    Current mem usage (MB)    Virtual mem usage (MB)
# ------------------------------------------------------------------------------------------------------------------------
# Index ref fasta    0.0857041446434            0.0857041446434       17.1328125                9.9140625
# Calcs 1            0.0656621508356            0.151366295479        17.15625                  9.9140625
# Add unmapped 1     0.0819687483964            0.233335043875        17.15625                  9.9140625
+ Renaming tmp file to output file: ref-test-tmp-10-06-2018.12-36-39.tmp -> ref-test.txt
# End program        0.0621333025436            0.295468346419        17.25390625               10.046875
# ------------------------------------------------------------------------------------------------------------------------
#
# The date and time at the end is: 10.06.2018 | 12:36:40
# Total execution time: 1.053 seconds.
# =========================================================================
