# =========================================================================
# Welcome to Referee -- Reference genome quality score calculator.
# The date and time at the start is: 10.01.2018 | 04:03:01
# The program was called as: .\referee.py -ref .\data\rpgc_assembly.fasta -gl .\data\angsd-output-snippet.txt -p 3
#
# ----------------------------------------
#
# ** IMPORTANT!
# ** Input columns: Scaffold	Position	AA	AC	AG	AT	CC	CG	CT	GG	GT	TT
# ** Please ensure that your input genotype likelihood files are tab delimited with columns in this exact order.
# ** Failure to do so will result in inaccurate calculations!!
#
# ----------------------------------------
#
# Output format is tab delimited.
# Calculating scores for every reference position specified.
#
# The date and time at the end is: 10.01.2018 | 04:03:07
# Total execution time: 5.999 seconds.
# =========================================================================
#
