# =========================================================================
# Welcome to Referee -- Reference genome quality score calculator.
# The date and time at the start is: 10.06.2018 | 12:52:00
# The program was called as: referee.py -gl .\data\angsd-output-snippet-2.txt -ref .\data\rpgc_assembly.fasta -o ref-test --stats --mapped -f 3
#
# ----------------------------------------
#
# ** IMPORTANT!
# ** Input columns: Scaffold	Position	AA	AC	AG	AT	CC	CG	CT	GG	GT	TT
# ** Please ensure that your input genotype likelihood files are tab delimited with columns in this exact order.
# ** Failure to do so will result in inaccurate calculations!!
#
# ----------------------------------------
#
# Output format is tab delimited.
# --mapped : Only calculating scores for positions with reads mapped to them.
# --stats : Reporting Referee time and memory usage.
# ------------------------------------------------------------------------------------------------------------------------
# Step               Time since prev (sec)      Elapsed time (sec)    Current mem usage (MB)    Virtual mem usage (MB)
# ------------------------------------------------------------------------------------------------------------------------
# Index ref fasta    0.0921169668668            0.0921169668668       17.20703125               10.0078125
# Calcs 1            24.5824874703              24.6746044371         113.8984375               106.796875
# End program        0.96115572775              25.6357601649         113.9921875               106.88671875
# ------------------------------------------------------------------------------------------------------------------------
#
# The date and time at the end is: 10.06.2018 | 12:52:26
# Total execution time: 26.062 seconds.
# =========================================================================
