# =========================================================================
# Welcome to Referee -- Reference genome quality score calculator.
# The date and time at the start is: 10.06.2018 | 12:37:13
# The program was called as: referee.py -gl .\data\angsd-output-snippet.txt -ref .\data\assembly-snippet.fa -o ref-test --stats -f 3
#
# ----------------------------------------
#
# ** IMPORTANT!
# ** Input columns: Scaffold	Position	AA	AC	AG	AT	CC	CG	CT	GG	GT	TT
# ** Please ensure that your input genotype likelihood files are tab delimited with columns in this exact order.
# ** Failure to do so will result in inaccurate calculations!!
#
# ----------------------------------------
#
# Output format is tab delimited.
# Calculating scores for every reference position specified.
# --stats : Reporting Referee time and memory usage.
# ------------------------------------------------------------------------------------------------------------------------
# Step               Time since prev (sec)      Elapsed time (sec)    Current mem usage (MB)    Virtual mem usage (MB)
# ------------------------------------------------------------------------------------------------------------------------
# Index ref fasta    0.0265903764903            0.0265903764903       17.09375                  9.875
# Calcs 1            0.0175527274593            0.0441431039496       17.5390625                10.30078125
# Add unmapped 1     0.00948581105352           0.0536289150032       17.55078125               10.30078125
+ Renaming tmp file to output file: ref-test-tmp-10-06-2018.12-37-13.tmp -> ref-test.txt
# End program        0.0266023502848            0.080231265288        17.5625                   10.30078125
# ------------------------------------------------------------------------------------------------------------------------
#
# The date and time at the end is: 10.06.2018 | 12:37:13
# Total execution time: 0.205 seconds.
# =========================================================================
